# JRE version: Java(TM) SE Runtime Environment (21.0.9+7) (build 21.0.9+7-LTS-338)
# Java VM: Java HotSpot(TM) 64-Bit Server VM (21.0.9+7-LTS-338, mixed mode, sharing, tiered, compressed oops, compressed class ptrs, g1 gc, windows-amd64)
GC Precious Log:
 CardTable entry size: 512
 Card Set container configuration: InlinePtr #cards 5 size 8 Array Of Cards #cards 12 size 40 Howl #buckets 4 coarsen threshold 1843 Howl Bitmap #cards 512 size 80 coarsen threshold 460 Card regions per heap region 1 cards per card region 2048
 CPUs: 4 total, 4 available
 Memory: 7914M
 Large Page Support: Disabled
 NUMA Support: Disabled
 Compressed Oops: Enabled (32-bit)
 Heap Region Size: 1M
 Heap Min Capacity: 8M
 Heap Initial Capacity: 124M
 Heap Max Capacity: 1980M
 Pre-touch: Disabled
 Parallel Workers: 4
 Concurrent Workers: 1
 Concurrent Refinement Workers: 4
 Periodic GC: Disabled
Heap:
 garbage-first heap   total 91136K, used 62708K [0x0000000084400000, 0x0000000100000000)
  region size 1024K, 17 young (17408K), 3 survivors (3072K)
 Metaspace       used 30419K, committed 30912K, reserved 1114112K
  class space    used 3318K, committed 3584K, reserved 1048576K
GC Heap History (20 events):
Event: 3.531 GC heap before
{Heap before GC invocations=2 (full 0):
 garbage-first heap   total 126976K, used 79040K [0x0000000084400000, 0x0000000100000000)
  region size 1024K, 74 young (75776K), 1 survivors (1024K)
 Metaspace       used 15855K, committed 16064K, reserved 1114112K
  class space    used 1829K, committed 1920K, reserved 1048576K
}
Event: 3.548 GC heap after
{Heap after GC invocations=3 (full 0):
 garbage-first heap   total 126976K, used 11344K [0x0000000084400000, 0x0000000100000000)
  region size 1024K, 8 young (8192K), 8 survivors (8192K)
 Metaspace       used 15855K, committed 16064K, reserved 1114112K
  class space    used 1829K, committed 1920K, reserved 1048576K
}
Event: 5.694 GC heap before
{Heap before GC invocations=3 (full 0):
 garbage-first heap   total 126976K, used 78928K [0x0000000084400000, 0x0000000100000000)
  region size 1024K, 74 young (75776K), 8 survivors (8192K)
 Metaspace       used 16594K, committed 16896K, reserved 1114112K
  class space    used 1857K, committed 1984K, reserved 1048576K
}
Event: 5.714 GC heap after
{Heap after GC invocations=4 (full 0):
 garbage-first heap   total 126976K, used 16001K [0x0000000084400000, 0x0000000100000000)
  region size 1024K, 5 young (5120K), 5 survivors (5120K)
 Metaspace       used 16594K, committed 16896K, reserved 1114112K
  class space    used 1857K, committed 1984K, reserved 1048576K
}
Event: 8.653 GC heap before
{Heap before GC invocations=4 (full 0):
 garbage-first heap   total 126976K, used 80513K [0x0000000084400000, 0x0000000100000000)
  region size 1024K, 66 young (67584K), 5 survivors (5120K)
 Metaspace       used 21156K, committed 21504K, reserved 1114112K
  class space    used 2391K, committed 2560K, reserved 1048576K
}
Event: 8.665 GC heap after
{Heap after GC invocations=5 (full 0):
 garbage-first heap   total 126976K, used 18049K [0x0000000084400000, 0x0000000100000000)
  region size 1024K, 7 young (7168K), 7 survivors (7168K)
 Metaspace       used 21156K, committed 21504K, reserved 1114112K
  class space    used 2391K, committed 2560K, reserved 1048576K
}
Event: 10.175 GC heap before
{Heap before GC invocations=6 (full 0):
 garbage-first heap   total 61440K, used 51841K [0x0000000084400000, 0x0000000100000000)
  region size 1024K, 36 young (36864K), 7 survivors (7168K)
 Metaspace       used 26373K, committed 26752K, reserved 1114112K
  class space    used 2914K, committed 3072K, reserved 1048576K
}
Event: 10.196 GC heap after
{Heap after GC invocations=7 (full 0):
 garbage-first heap   total 70656K, used 32385K [0x0000000084400000, 0x0000000100000000)
  region size 1024K, 5 young (5120K), 5 survivors (5120K)
 Metaspace       used 26373K, committed 26752K, reserved 1114112K
  class space    used 2914K, committed 3072K, reserved 1048576K
}
Event: 10.783 GC heap before
{Heap before GC invocations=7 (full 0):
 garbage-first heap   total 70656K, used 57985K [0x0000000084400000, 0x0000000100000000)
  region size 1024K, 29 young (29696K), 5 survivors (5120K)
 Metaspace       used 26404K, committed 26752K, reserved 1114112K
  class space    used 2915K, committed 3072K, reserved 1048576K
}
Event: 10.792 GC heap after
{Heap after GC invocations=8 (full 0):
 garbage-first heap   total 71680K, used 40448K [0x0000000084400000, 0x0000000100000000)
  region size 1024K, 4 young (4096K), 4 survivors (4096K)
 Metaspace       used 26404K, committed 26752K, reserved 1114112K
  class space    used 2915K, committed 3072K, reserved 1048576K
}
Event: 11.064 GC heap before
{Heap before GC invocations=8 (full 0):
 garbage-first heap   total 71680K, used 59904K [0x0000000084400000, 0x0000000100000000)
  region size 1024K, 23 young (23552K), 4 survivors (4096K)
 Metaspace       used 27058K, committed 27392K, reserved 1114112K
  class space    used 2984K, committed 3136K, reserved 1048576K
}
Event: 11.074 GC heap after
{Heap after GC invocations=9 (full 0):
 garbage-first heap   total 71680K, used 44032K [0x0000000084400000, 0x0000000100000000)
  region size 1024K, 3 young (3072K), 3 survivors (3072K)
 Metaspace       used 27058K, committed 27392K, reserved 1114112K
  class space    used 2984K, committed 3136K, reserved 1048576K
}
Event: 11.648 GC heap before
{Heap before GC invocations=10 (full 0):
 garbage-first heap   total 75776K, used 61440K [0x0000000084400000, 0x0000000100000000)
  region size 1024K, 20 young (20480K), 3 survivors (3072K)
 Metaspace       used 27835K, committed 28224K, reserved 1114112K
  class space    used 3044K, committed 3200K, reserved 1048576K
}
Event: 11.658 GC heap after
{Heap after GC invocations=11 (full 0):
 garbage-first heap   total 75776K, used 47589K [0x0000000084400000, 0x0000000100000000)
  region size 1024K, 3 young (3072K), 3 survivors (3072K)
 Metaspace       used 27835K, committed 28224K, reserved 1114112K
  class space    used 3044K, committed 3200K, reserved 1048576K
}
Event: 12.051 GC heap before
{Heap before GC invocations=11 (full 0):
 garbage-first heap   total 75776K, used 63973K [0x0000000084400000, 0x0000000100000000)
  region size 1024K, 20 young (20480K), 3 survivors (3072K)
 Metaspace       used 28667K, committed 29056K, reserved 1114112K
  class space    used 3145K, committed 3328K, reserved 1048576K
}
Event: 12.056 GC heap after
{Heap after GC invocations=12 (full 0):
 garbage-first heap   total 91136K, used 47679K [0x0000000084400000, 0x0000000100000000)
  region size 1024K, 1 young (1024K), 1 survivors (1024K)
 Metaspace       used 28667K, committed 29056K, reserved 1114112K
  class space    used 3145K, committed 3328K, reserved 1048576K
}
Event: 14.026 GC heap before
{Heap before GC invocations=12 (full 0):
 garbage-first heap   total 91136K, used 74303K [0x0000000084400000, 0x0000000100000000)
  region size 1024K, 28 young (28672K), 1 survivors (1024K)
 Metaspace       used 29918K, committed 30400K, reserved 1114112K
  class space    used 3296K, committed 3520K, reserved 1048576K
}
Event: 14.031 GC heap after
{Heap after GC invocations=13 (full 0):
 garbage-first heap   total 91136K, used 48506K [0x0000000084400000, 0x0000000100000000)
  region size 1024K, 2 young (2048K), 2 survivors (2048K)
 Metaspace       used 29918K, committed 30400K, reserved 1114112K
  class space    used 3296K, committed 3520K, reserved 1048576K
}
Event: 14.934 GC heap before
{Heap before GC invocations=14 (full 0):
 garbage-first heap   total 91136K, used 77178K [0x0000000084400000, 0x0000000100000000)
  region size 1024K, 30 young (30720K), 2 survivors (2048K)
 Metaspace       used 30378K, committed 30848K, reserved 1114112K
  class space    used 3317K, committed 3520K, reserved 1048576K
}
Event: 14.940 GC heap after
{Heap after GC invocations=15 (full 0):
 garbage-first heap   total 91136K, used 49396K [0x0000000084400000, 0x0000000100000000)
  region size 1024K, 3 young (3072K), 3 survivors (3072K)
 Metaspace       used 30378K, committed 30848K, reserved 1114112K
  class space    used 3317K, committed 3520K, reserved 1048576K
}

